Info - 2016-12-09 08:16:12
===================================================
CallingAssembly:  CSRToolWebApp.dll
CallingMethod:    CSRToolWebApp.MvcApplication.Application_Start
SessionId:        
Message:          Application started


Info - 2016-12-09 08:34:10
===================================================
CallingAssembly:  CSRToolWebApp.dll
CallingMethod:    CSRToolWebApp.MvcApplication.Application_Start
SessionId:        
Message:          Application started


Info - 2016-12-09 08:34:11
===================================================
CallingAssembly:  CSRToolWebApp.dll
CallingMethod:    CSRToolWebApp.Common.RestService.Get
SessionId:        
Message:          GET http://localhost/CSRToolService.svc/rest/users


Info - 2016-12-09 08:34:15
===================================================
CallingAssembly:  CSRToolWebApp.dll
CallingMethod:    CSRToolWebApp.Controllers.HomeController.LogIn
SessionId:        nfjmr43ytyv4k5kq1k4f2tll
Message:          User 'afofzj' logged in


Info - 2016-12-09 08:34:15
===================================================
CallingAssembly:  CSRToolWebApp.dll
CallingMethod:    CSRToolWebApp.Common.RestService.Get
SessionId:        
Message:          GET http://localhost/CSRToolService.svc/rest/assessmentcustomers/?user=0f3ce48f-496a-465a-a807-1c7ff3b84606


Info - 2016-12-09 08:34:16
===================================================
CallingAssembly:  CSRToolWebApp.dll
CallingMethod:    CSRToolWebApp.Common.RestService.Get
SessionId:        
Message:          GET http://localhost/CSRToolService.svc/rest/assessmentsuppliers/?user=0f3ce48f-496a-465a-a807-1c7ff3b84606


Info - 2016-12-09 08:34:27
===================================================
CallingAssembly:  CSRToolWebApp.dll
CallingMethod:    CSRToolWebApp.Common.RestService.Get
SessionId:        
Message:          GET http://localhost/CSRToolService.svc/rest/versions


Info - 2016-12-09 08:34:27
===================================================
CallingAssembly:  CSRToolWebApp.dll
CallingMethod:    CSRToolWebApp.Common.RestService.Get
SessionId:        
Message:          GET http://localhost/CSRToolService.svc/rest/assessmenttypes


Info - 2016-12-09 08:34:27
===================================================
CallingAssembly:  CSRToolWebApp.dll
CallingMethod:    CSRToolWebApp.Common.RestService.Get
SessionId:        
Message:          GET http://localhost/CSRToolService.svc/rest/casetypes


Info - 2016-12-09 08:34:27
===================================================
CallingAssembly:  CSRToolWebApp.dll
CallingMethod:    CSRToolWebApp.Common.RestService.Get
SessionId:        
Message:          GET http://localhost/CSRToolService.svc/rest/supplytypes


Info - 2016-12-09 08:34:28
===================================================
CallingAssembly:  CSRToolWebApp.dll
CallingMethod:    CSRToolWebApp.Common.RestService.Get
SessionId:        
Message:          GET http://localhost/CSRToolService.svc/rest/territories


Info - 2016-12-09 08:34:28
===================================================
CallingAssembly:  CSRToolWebApp.dll
CallingMethod:    CSRToolWebApp.Common.RestService.Get
SessionId:        
Message:          GET http://localhost/CSRToolService.svc/rest/indextypes


Info - 2016-12-09 08:34:28
===================================================
CallingAssembly:  CSRToolWebApp.dll
CallingMethod:    CSRToolWebApp.Common.RestService.Get
SessionId:        
Message:          GET http://localhost/CSRToolService.svc/rest/riskcategoriesbyindex/?indextype=452b2276-bb3e-4f16-b281-a32be6d43235


Info - 2016-12-09 08:34:28
===================================================
CallingAssembly:  CSRToolWebApp.dll
CallingMethod:    CSRToolWebApp.Common.RestService.Get
SessionId:        
Message:          GET http://localhost/CSRToolService.svc/rest/riskcategoriesbyindex/?indextype=04fdd836-6ef5-49d7-95a5-847238b0b81b


Info - 2016-12-09 08:34:28
===================================================
CallingAssembly:  CSRToolWebApp.dll
CallingMethod:    CSRToolWebApp.Common.RestService.Get
SessionId:        
Message:          GET http://localhost/CSRToolService.svc/rest/riskcategoriesbyindex/?indextype=82d3904e-6312-4d1e-8896-07615f6f2696


Info - 2016-12-09 08:34:28
===================================================
CallingAssembly:  CSRToolWebApp.dll
CallingMethod:    CSRToolWebApp.Common.RestService.Get
SessionId:        
Message:          GET http://localhost/CSRToolService.svc/rest/riskcategoriesbyindex/?indextype=4ea41714-5c4e-48bd-a40f-bb1407555198


Info - 2016-12-09 08:34:28
===================================================
CallingAssembly:  CSRToolWebApp.dll
CallingMethod:    CSRToolWebApp.Common.RestService.Get
SessionId:        
Message:          GET http://localhost/CSRToolService.svc/rest/riskcategoriesbyindex/?indextype=f734ffd9-2662-4c2d-82ba-55793ec2a6dc


Info - 2016-12-09 08:34:28
===================================================
CallingAssembly:  CSRToolWebApp.dll
CallingMethod:    CSRToolWebApp.Common.RestService.Get
SessionId:        
Message:          GET http://localhost/CSRToolService.svc/rest/riskcategoriesbyindex/?indextype=c12531d0-8a3b-47c8-ad8a-d1fdb12476bb


Info - 2016-12-09 08:34:28
===================================================
CallingAssembly:  CSRToolWebApp.dll
CallingMethod:    CSRToolWebApp.Common.RestService.Get
SessionId:        
Message:          GET http://localhost/CSRToolService.svc/rest/riskcategoriesbyindex/?indextype=675a9f85-d029-4b59-a372-188ffb29be0f


Info - 2016-12-09 08:34:28
===================================================
CallingAssembly:  CSRToolWebApp.dll
CallingMethod:    CSRToolWebApp.Common.RestService.Get
SessionId:        
Message:          GET http://localhost/CSRToolService.svc/rest/riskcategoriesbyindex/?indextype=e3cb5b8d-0708-4331-9408-21186cb3edb9


Info - 2016-12-09 08:34:28
===================================================
CallingAssembly:  CSRToolWebApp.dll
CallingMethod:    CSRToolWebApp.Common.RestService.Get
SessionId:        
Message:          GET http://localhost/CSRToolService.svc/rest/riskcategoriesbyindex/?indextype=5b7b70d1-0ae3-4c07-8fa2-409b1c065ba5


Info - 2016-12-09 08:34:28
===================================================
CallingAssembly:  CSRToolWebApp.dll
CallingMethod:    CSRToolWebApp.Common.RestService.Get
SessionId:        
Message:          GET http://localhost/CSRToolService.svc/rest/riskcategoriesbyindex/?indextype=6b31eb77-5067-474b-aacb-6cfce369eb65


Info - 2016-12-09 08:34:28
===================================================
CallingAssembly:  CSRToolWebApp.dll
CallingMethod:    CSRToolWebApp.Common.RestService.Get
SessionId:        
Message:          GET http://localhost/CSRToolService.svc/rest/riskcategoriesbyindex/?indextype=b185766d-ef3d-4224-bfb2-86d0d5188303


Info - 2016-12-09 08:34:28
===================================================
CallingAssembly:  CSRToolWebApp.dll
CallingMethod:    CSRToolWebApp.Common.RestService.Get
SessionId:        
Message:          GET http://localhost/CSRToolService.svc/rest/riskcategoriesbyindex/?indextype=82303d82-6b4b-4860-9ed9-975e40fa012a


Info - 2016-12-09 08:34:28
===================================================
CallingAssembly:  CSRToolWebApp.dll
CallingMethod:    CSRToolWebApp.Common.RestService.Get
SessionId:        
Message:          GET http://localhost/CSRToolService.svc/rest/sectors


Info - 2016-12-09 08:34:28
===================================================
CallingAssembly:  CSRToolWebApp.dll
CallingMethod:    CSRToolWebApp.Common.RestService.Get
SessionId:        
Message:          GET http://localhost/CSRToolService.svc/rest/riskcategories


Info - 2016-12-09 08:34:28
===================================================
CallingAssembly:  CSRToolWebApp.dll
CallingMethod:    CSRToolWebApp.Common.RestService.Get
SessionId:        
Message:          GET http://localhost/CSRToolService.svc/rest/questionsbyassessmenttype/?assessmenttype=e3fb40ca-e6ca-4bb6-a102-95cf09e45bc8


Info - 2016-12-09 08:34:28
===================================================
CallingAssembly:  CSRToolWebApp.dll
CallingMethod:    CSRToolWebApp.Common.RestService.Get
SessionId:        
Message:          GET http://localhost/CSRToolService.svc/rest/questions


Info - 2016-12-09 08:34:28
===================================================
CallingAssembly:  CSRToolWebApp.dll
CallingMethod:    CSRToolWebApp.Common.RestService.Get
SessionId:        
Message:          GET http://localhost/CSRToolService.svc/rest/answersbyquestion/?question=d270406c-a07d-43db-8ad7-b51de94efcb7


Info - 2016-12-09 08:34:28
===================================================
CallingAssembly:  CSRToolWebApp.dll
CallingMethod:    CSRToolWebApp.Common.RestService.Get
SessionId:        
Message:          GET http://localhost/CSRToolService.svc/rest/riskcategoriesbyquestion/?question=d270406c-a07d-43db-8ad7-b51de94efcb7


Info - 2016-12-09 08:34:28
===================================================
CallingAssembly:  CSRToolWebApp.dll
CallingMethod:    CSRToolWebApp.Common.RestService.Get
SessionId:        
Message:          GET http://localhost/CSRToolService.svc/rest/answersbyquestion/?question=2857bd0f-8390-482c-abf6-5e216dc321da


Info - 2016-12-09 08:34:28
===================================================
CallingAssembly:  CSRToolWebApp.dll
CallingMethod:    CSRToolWebApp.Common.RestService.Get
SessionId:        
Message:          GET http://localhost/CSRToolService.svc/rest/riskcategoriesbyquestion/?question=2857bd0f-8390-482c-abf6-5e216dc321da


Info - 2016-12-09 08:34:28
===================================================
CallingAssembly:  CSRToolWebApp.dll
CallingMethod:    CSRToolWebApp.Common.RestService.Get
SessionId:        
Message:          GET http://localhost/CSRToolService.svc/rest/answersbyquestion/?question=b24253ad-96e4-4789-bb27-793bb282af4d


Info - 2016-12-09 08:34:28
===================================================
CallingAssembly:  CSRToolWebApp.dll
CallingMethod:    CSRToolWebApp.Common.RestService.Get
SessionId:        
Message:          GET http://localhost/CSRToolService.svc/rest/riskcategoriesbyquestion/?question=b24253ad-96e4-4789-bb27-793bb282af4d


Info - 2016-12-09 08:34:28
===================================================
CallingAssembly:  CSRToolWebApp.dll
CallingMethod:    CSRToolWebApp.Common.RestService.Get
SessionId:        
Message:          GET http://localhost/CSRToolService.svc/rest/answersbyquestion/?question=75dade40-ae4c-4bc2-9205-28c6af74b8dd


Info - 2016-12-09 08:34:28
===================================================
CallingAssembly:  CSRToolWebApp.dll
CallingMethod:    CSRToolWebApp.Common.RestService.Get
SessionId:        
Message:          GET http://localhost/CSRToolService.svc/rest/riskcategoriesbyquestion/?question=75dade40-ae4c-4bc2-9205-28c6af74b8dd


Info - 2016-12-09 08:34:28
===================================================
CallingAssembly:  CSRToolWebApp.dll
CallingMethod:    CSRToolWebApp.Common.RestService.Get
SessionId:        
Message:          GET http://localhost/CSRToolService.svc/rest/answersbyquestion/?question=8938b9bb-4cde-413a-9d4f-6cb60c398cc8


Info - 2016-12-09 08:34:28
===================================================
CallingAssembly:  CSRToolWebApp.dll
CallingMethod:    CSRToolWebApp.Common.RestService.Get
SessionId:        
Message:          GET http://localhost/CSRToolService.svc/rest/riskcategoriesbyquestion/?question=8938b9bb-4cde-413a-9d4f-6cb60c398cc8


Info - 2016-12-09 08:34:28
===================================================
CallingAssembly:  CSRToolWebApp.dll
CallingMethod:    CSRToolWebApp.Common.RestService.Get
SessionId:        
Message:          GET http://localhost/CSRToolService.svc/rest/answersbyquestion/?question=acc89690-f71f-43a1-b6c5-1994a34689e9


Info - 2016-12-09 08:34:28
===================================================
CallingAssembly:  CSRToolWebApp.dll
CallingMethod:    CSRToolWebApp.Common.RestService.Get
SessionId:        
Message:          GET http://localhost/CSRToolService.svc/rest/riskcategoriesbyquestion/?question=acc89690-f71f-43a1-b6c5-1994a34689e9


Info - 2016-12-09 08:34:28
===================================================
CallingAssembly:  CSRToolWebApp.dll
CallingMethod:    CSRToolWebApp.Common.RestService.Get
SessionId:        
Message:          GET http://localhost/CSRToolService.svc/rest/answersbyquestion/?question=3373738b-aca2-4d11-982c-51d87532d4f1


Info - 2016-12-09 08:34:28
===================================================
CallingAssembly:  CSRToolWebApp.dll
CallingMethod:    CSRToolWebApp.Common.RestService.Get
SessionId:        
Message:          GET http://localhost/CSRToolService.svc/rest/riskcategoriesbyquestion/?question=3373738b-aca2-4d11-982c-51d87532d4f1


Info - 2016-12-09 08:34:28
===================================================
CallingAssembly:  CSRToolWebApp.dll
CallingMethod:    CSRToolWebApp.Common.RestService.Get
SessionId:        
Message:          GET http://localhost/CSRToolService.svc/rest/answersbyquestion/?question=c7ad9a6e-58e3-4e60-b9e6-a213b130c60e


Info - 2016-12-09 08:34:28
===================================================
CallingAssembly:  CSRToolWebApp.dll
CallingMethod:    CSRToolWebApp.Common.RestService.Get
SessionId:        
Message:          GET http://localhost/CSRToolService.svc/rest/riskcategoriesbyquestion/?question=c7ad9a6e-58e3-4e60-b9e6-a213b130c60e


Info - 2016-12-09 08:34:28
===================================================
CallingAssembly:  CSRToolWebApp.dll
CallingMethod:    CSRToolWebApp.Common.RestService.Get
SessionId:        
Message:          GET http://localhost/CSRToolService.svc/rest/assessmentsupplier/?id=b7362d67-2a99-4e1c-af1f-2fb97c8475db


Info - 2016-12-09 08:34:28
===================================================
CallingAssembly:  CSRToolWebApp.dll
CallingMethod:    CSRToolWebApp.Common.RestService.Get
SessionId:        
Message:          GET http://localhost/CSRToolService.svc/rest/versions


Info - 2016-12-09 08:34:28
===================================================
CallingAssembly:  CSRToolWebApp.dll
CallingMethod:    CSRToolWebApp.Common.RestService.Get
SessionId:        
Message:          GET http://localhost/CSRToolService.svc/rest/assessmenttypes


Info - 2016-12-09 08:34:28
===================================================
CallingAssembly:  CSRToolWebApp.dll
CallingMethod:    CSRToolWebApp.Common.RestService.Get
SessionId:        
Message:          GET http://localhost/CSRToolService.svc/rest/casetypes


Info - 2016-12-09 08:34:28
===================================================
CallingAssembly:  CSRToolWebApp.dll
CallingMethod:    CSRToolWebApp.Common.RestService.Get
SessionId:        
Message:          GET http://localhost/CSRToolService.svc/rest/supplytypes


Info - 2016-12-09 08:34:28
===================================================
CallingAssembly:  CSRToolWebApp.dll
CallingMethod:    CSRToolWebApp.Common.RestService.Get
SessionId:        
Message:          GET http://localhost/CSRToolService.svc/rest/territories


Info - 2016-12-09 08:34:28
===================================================
CallingAssembly:  CSRToolWebApp.dll
CallingMethod:    CSRToolWebApp.Common.RestService.Get
SessionId:        
Message:          GET http://localhost/CSRToolService.svc/rest/indextypes


Info - 2016-12-09 08:34:28
===================================================
CallingAssembly:  CSRToolWebApp.dll
CallingMethod:    CSRToolWebApp.Common.RestService.Get
SessionId:        
Message:          GET http://localhost/CSRToolService.svc/rest/riskcategoriesbyindex/?indextype=452b2276-bb3e-4f16-b281-a32be6d43235


Info - 2016-12-09 08:34:28
===================================================
CallingAssembly:  CSRToolWebApp.dll
CallingMethod:    CSRToolWebApp.Common.RestService.Get
SessionId:        
Message:          GET http://localhost/CSRToolService.svc/rest/riskcategoriesbyindex/?indextype=04fdd836-6ef5-49d7-95a5-847238b0b81b


Info - 2016-12-09 08:34:28
===================================================
CallingAssembly:  CSRToolWebApp.dll
CallingMethod:    CSRToolWebApp.Common.RestService.Get
SessionId:        
Message:          GET http://localhost/CSRToolService.svc/rest/riskcategoriesbyindex/?indextype=82d3904e-6312-4d1e-8896-07615f6f2696


Info - 2016-12-09 08:34:28
===================================================
CallingAssembly:  CSRToolWebApp.dll
CallingMethod:    CSRToolWebApp.Common.RestService.Get
SessionId:        
Message:          GET http://localhost/CSRToolService.svc/rest/riskcategoriesbyindex/?indextype=4ea41714-5c4e-48bd-a40f-bb1407555198


Info - 2016-12-09 08:34:28
===================================================
CallingAssembly:  CSRToolWebApp.dll
CallingMethod:    CSRToolWebApp.Common.RestService.Get
SessionId:        
Message:          GET http://localhost/CSRToolService.svc/rest/riskcategoriesbyindex/?indextype=f734ffd9-2662-4c2d-82ba-55793ec2a6dc


Info - 2016-12-09 08:34:28
===================================================
CallingAssembly:  CSRToolWebApp.dll
CallingMethod:    CSRToolWebApp.Common.RestService.Get
SessionId:        
Message:          GET http://localhost/CSRToolService.svc/rest/riskcategoriesbyindex/?indextype=c12531d0-8a3b-47c8-ad8a-d1fdb12476bb


Info - 2016-12-09 08:34:28
===================================================
CallingAssembly:  CSRToolWebApp.dll
CallingMethod:    CSRToolWebApp.Common.RestService.Get
SessionId:        
Message:          GET http://localhost/CSRToolService.svc/rest/riskcategoriesbyindex/?indextype=675a9f85-d029-4b59-a372-188ffb29be0f


Info - 2016-12-09 08:34:28
===================================================
CallingAssembly:  CSRToolWebApp.dll
CallingMethod:    CSRToolWebApp.Common.RestService.Get
SessionId:        
Message:          GET http://localhost/CSRToolService.svc/rest/riskcategoriesbyindex/?indextype=e3cb5b8d-0708-4331-9408-21186cb3edb9


Info - 2016-12-09 08:34:28
===================================================
CallingAssembly:  CSRToolWebApp.dll
CallingMethod:    CSRToolWebApp.Common.RestService.Get
SessionId:        
Message:          GET http://localhost/CSRToolService.svc/rest/riskcategoriesbyindex/?indextype=5b7b70d1-0ae3-4c07-8fa2-409b1c065ba5


Info - 2016-12-09 08:34:28
===================================================
CallingAssembly:  CSRToolWebApp.dll
CallingMethod:    CSRToolWebApp.Common.RestService.Get
SessionId:        
Message:          GET http://localhost/CSRToolService.svc/rest/riskcategoriesbyindex/?indextype=6b31eb77-5067-474b-aacb-6cfce369eb65


Info - 2016-12-09 08:34:29
===================================================
CallingAssembly:  CSRToolWebApp.dll
CallingMethod:    CSRToolWebApp.Common.RestService.Get
SessionId:        
Message:          GET http://localhost/CSRToolService.svc/rest/riskcategoriesbyindex/?indextype=b185766d-ef3d-4224-bfb2-86d0d5188303


Info - 2016-12-09 08:34:29
===================================================
CallingAssembly:  CSRToolWebApp.dll
CallingMethod:    CSRToolWebApp.Common.RestService.Get
SessionId:        
Message:          GET http://localhost/CSRToolService.svc/rest/riskcategoriesbyindex/?indextype=82303d82-6b4b-4860-9ed9-975e40fa012a


Info - 2016-12-09 08:34:29
===================================================
CallingAssembly:  CSRToolWebApp.dll
CallingMethod:    CSRToolWebApp.Common.RestService.Get
SessionId:        
Message:          GET http://localhost/CSRToolService.svc/rest/sectors


Info - 2016-12-09 08:34:29
===================================================
CallingAssembly:  CSRToolWebApp.dll
CallingMethod:    CSRToolWebApp.Common.RestService.Get
SessionId:        
Message:          GET http://localhost/CSRToolService.svc/rest/riskcategories


Info - 2016-12-09 08:34:29
===================================================
CallingAssembly:  CSRToolWebApp.dll
CallingMethod:    CSRToolWebApp.Common.RestService.Get
SessionId:        
Message:          GET http://localhost/CSRToolService.svc/rest/questionsbyassessmenttype/?assessmenttype=e3fb40ca-e6ca-4bb6-a102-95cf09e45bc8


Info - 2016-12-09 08:34:29
===================================================
CallingAssembly:  CSRToolWebApp.dll
CallingMethod:    CSRToolWebApp.Common.RestService.Get
SessionId:        
Message:          GET http://localhost/CSRToolService.svc/rest/questions


Info - 2016-12-09 08:34:29
===================================================
CallingAssembly:  CSRToolWebApp.dll
CallingMethod:    CSRToolWebApp.Common.RestService.Get
SessionId:        
Message:          GET http://localhost/CSRToolService.svc/rest/answersbyquestion/?question=d270406c-a07d-43db-8ad7-b51de94efcb7


Info - 2016-12-09 08:34:29
===================================================
CallingAssembly:  CSRToolWebApp.dll
CallingMethod:    CSRToolWebApp.Common.RestService.Get
SessionId:        
Message:          GET http://localhost/CSRToolService.svc/rest/riskcategoriesbyquestion/?question=d270406c-a07d-43db-8ad7-b51de94efcb7


Info - 2016-12-09 08:34:29
===================================================
CallingAssembly:  CSRToolWebApp.dll
CallingMethod:    CSRToolWebApp.Common.RestService.Get
SessionId:        
Message:          GET http://localhost/CSRToolService.svc/rest/answersbyquestion/?question=2857bd0f-8390-482c-abf6-5e216dc321da


Info - 2016-12-09 08:34:29
===================================================
CallingAssembly:  CSRToolWebApp.dll
CallingMethod:    CSRToolWebApp.Common.RestService.Get
SessionId:        
Message:          GET http://localhost/CSRToolService.svc/rest/riskcategoriesbyquestion/?question=2857bd0f-8390-482c-abf6-5e216dc321da


Info - 2016-12-09 08:34:29
===================================================
CallingAssembly:  CSRToolWebApp.dll
CallingMethod:    CSRToolWebApp.Common.RestService.Get
SessionId:        
Message:          GET http://localhost/CSRToolService.svc/rest/answersbyquestion/?question=b24253ad-96e4-4789-bb27-793bb282af4d


Info - 2016-12-09 08:34:29
===================================================
CallingAssembly:  CSRToolWebApp.dll
CallingMethod:    CSRToolWebApp.Common.RestService.Get
SessionId:        
Message:          GET http://localhost/CSRToolService.svc/rest/riskcategoriesbyquestion/?question=b24253ad-96e4-4789-bb27-793bb282af4d


Info - 2016-12-09 08:34:29
===================================================
CallingAssembly:  CSRToolWebApp.dll
CallingMethod:    CSRToolWebApp.Common.RestService.Get
SessionId:        
Message:          GET http://localhost/CSRToolService.svc/rest/answersbyquestion/?question=75dade40-ae4c-4bc2-9205-28c6af74b8dd


Info - 2016-12-09 08:34:29
===================================================
CallingAssembly:  CSRToolWebApp.dll
CallingMethod:    CSRToolWebApp.Common.RestService.Get
SessionId:        
Message:          GET http://localhost/CSRToolService.svc/rest/riskcategoriesbyquestion/?question=75dade40-ae4c-4bc2-9205-28c6af74b8dd


Info - 2016-12-09 08:34:29
===================================================
CallingAssembly:  CSRToolWebApp.dll
CallingMethod:    CSRToolWebApp.Common.RestService.Get
SessionId:        
Message:          GET http://localhost/CSRToolService.svc/rest/answersbyquestion/?question=8938b9bb-4cde-413a-9d4f-6cb60c398cc8


Info - 2016-12-09 08:34:29
===================================================
CallingAssembly:  CSRToolWebApp.dll
CallingMethod:    CSRToolWebApp.Common.RestService.Get
SessionId:        
Message:          GET http://localhost/CSRToolService.svc/rest/riskcategoriesbyquestion/?question=8938b9bb-4cde-413a-9d4f-6cb60c398cc8


Info - 2016-12-09 08:34:29
===================================================
CallingAssembly:  CSRToolWebApp.dll
CallingMethod:    CSRToolWebApp.Common.RestService.Get
SessionId:        
Message:          GET http://localhost/CSRToolService.svc/rest/answersbyquestion/?question=acc89690-f71f-43a1-b6c5-1994a34689e9


Info - 2016-12-09 08:34:29
===================================================
CallingAssembly:  CSRToolWebApp.dll
CallingMethod:    CSRToolWebApp.Common.RestService.Get
SessionId:        
Message:          GET http://localhost/CSRToolService.svc/rest/riskcategoriesbyquestion/?question=acc89690-f71f-43a1-b6c5-1994a34689e9


Info - 2016-12-09 08:34:29
===================================================
CallingAssembly:  CSRToolWebApp.dll
CallingMethod:    CSRToolWebApp.Common.RestService.Get
SessionId:        
Message:          GET http://localhost/CSRToolService.svc/rest/answersbyquestion/?question=3373738b-aca2-4d11-982c-51d87532d4f1


Info - 2016-12-09 08:34:29
===================================================
CallingAssembly:  CSRToolWebApp.dll
CallingMethod:    CSRToolWebApp.Common.RestService.Get
SessionId:        
Message:          GET http://localhost/CSRToolService.svc/rest/riskcategoriesbyquestion/?question=3373738b-aca2-4d11-982c-51d87532d4f1


Info - 2016-12-09 08:34:29
===================================================
CallingAssembly:  CSRToolWebApp.dll
CallingMethod:    CSRToolWebApp.Common.RestService.Get
SessionId:        
Message:          GET http://localhost/CSRToolService.svc/rest/answersbyquestion/?question=c7ad9a6e-58e3-4e60-b9e6-a213b130c60e


Info - 2016-12-09 08:34:29
===================================================
CallingAssembly:  CSRToolWebApp.dll
CallingMethod:    CSRToolWebApp.Common.RestService.Get
SessionId:        
Message:          GET http://localhost/CSRToolService.svc/rest/riskcategoriesbyquestion/?question=c7ad9a6e-58e3-4e60-b9e6-a213b130c60e


Info - 2016-12-09 08:34:29
===================================================
CallingAssembly:  CSRToolWebApp.dll
CallingMethod:    CSRToolWebApp.Common.RestService.Get
SessionId:        
Message:          GET http://localhost/CSRToolService.svc/rest/users


Info - 2016-12-09 08:34:29
===================================================
CallingAssembly:  CSRToolWebApp.dll
CallingMethod:    CSRToolWebApp.Common.RestService.Get
SessionId:        
Message:          GET http://localhost/CSRToolService.svc/rest/supplierbyid/?Id=485022bb-2754-4c67-b884-5e1f7ab6b9ab


Info - 2016-12-09 08:34:29
===================================================
CallingAssembly:  CSRToolWebApp.dll
CallingMethod:    CSRToolWebApp.Common.RestService.Get
SessionId:        
Message:          GET http://localhost/CSRToolService.svc/rest/supplytypes


Info - 2016-12-09 08:34:29
===================================================
CallingAssembly:  CSRToolWebApp.dll
CallingMethod:    CSRToolWebApp.Common.RestService.Get
SessionId:        
Message:          GET http://localhost/CSRToolService.svc/rest/supplierwebscan/?id=b7362d67-2a99-4e1c-af1f-2fb97c8475db


Info - 2016-12-09 08:34:29
===================================================
CallingAssembly:  CSRToolWebApp.dll
CallingMethod:    CSRToolWebApp.Common.RestService.Get
SessionId:        
Message:          GET http://localhost/CSRToolService.svc/rest/supplierassessmentquestionanser/?Id=b7362d67-2a99-4e1c-af1f-2fb97c8475db


Info - 2016-12-09 08:34:29
===================================================
CallingAssembly:  CSRToolWebApp.dll
CallingMethod:    CSRToolWebApp.Common.RestService.Get
SessionId:        
Message:          GET http://localhost/CSRToolService.svc/rest/indexesbycountry/?territory=7c1229a1-a0c0-43de-b124-a2629a13e0fa&version=3dfc829f-5b09-4c8c-b32d-33d059eeb5e6


Info - 2016-12-09 08:34:29
===================================================
CallingAssembly:  CSRToolWebApp.dll
CallingMethod:    CSRToolWebApp.Common.RestService.Get
SessionId:        
Message:          GET http://localhost/CSRToolService.svc/rest/indextypes


Info - 2016-12-09 08:34:29
===================================================
CallingAssembly:  CSRToolWebApp.dll
CallingMethod:    CSRToolWebApp.Common.RestService.Get
SessionId:        
Message:          GET http://localhost/CSRToolService.svc/rest/riskcategoriesbyindex/?indextype=e3cb5b8d-0708-4331-9408-21186cb3edb9


Info - 2016-12-09 08:34:29
===================================================
CallingAssembly:  CSRToolWebApp.dll
CallingMethod:    CSRToolWebApp.Common.RestService.Get
SessionId:        
Message:          GET http://localhost/CSRToolService.svc/rest/riskcategoriesbyindex/?indextype=f734ffd9-2662-4c2d-82ba-55793ec2a6dc


Info - 2016-12-09 08:34:29
===================================================
CallingAssembly:  CSRToolWebApp.dll
CallingMethod:    CSRToolWebApp.Common.RestService.Get
SessionId:        
Message:          GET http://localhost/CSRToolService.svc/rest/riskcategoriesbyindex/?indextype=c12531d0-8a3b-47c8-ad8a-d1fdb12476bb


Info - 2016-12-09 08:34:29
===================================================
CallingAssembly:  CSRToolWebApp.dll
CallingMethod:    CSRToolWebApp.Common.RestService.Get
SessionId:        
Message:          GET http://localhost/CSRToolService.svc/rest/riskcategoriesbyindex/?indextype=675a9f85-d029-4b59-a372-188ffb29be0f


Info - 2016-12-09 08:34:29
===================================================
CallingAssembly:  CSRToolWebApp.dll
CallingMethod:    CSRToolWebApp.Common.RestService.Get
SessionId:        
Message:          GET http://localhost/CSRToolService.svc/rest/riskcategoriesbyindex/?indextype=4ea41714-5c4e-48bd-a40f-bb1407555198


Info - 2016-12-09 08:34:29
===================================================
CallingAssembly:  CSRToolWebApp.dll
CallingMethod:    CSRToolWebApp.Common.RestService.Get
SessionId:        
Message:          GET http://localhost/CSRToolService.svc/rest/riskcategoriesbyindex/?indextype=04fdd836-6ef5-49d7-95a5-847238b0b81b


Info - 2016-12-09 08:34:29
===================================================
CallingAssembly:  CSRToolWebApp.dll
CallingMethod:    CSRToolWebApp.Common.RestService.Get
SessionId:        
Message:          GET http://localhost/CSRToolService.svc/rest/riskcategoriesbyindex/?indextype=6b31eb77-5067-474b-aacb-6cfce369eb65


Info - 2016-12-09 08:34:29
===================================================
CallingAssembly:  CSRToolWebApp.dll
CallingMethod:    CSRToolWebApp.Common.RestService.Get
SessionId:        
Message:          GET http://localhost/CSRToolService.svc/rest/riskcategoriesbyindex/?indextype=5b7b70d1-0ae3-4c07-8fa2-409b1c065ba5


Info - 2016-12-09 08:34:29
===================================================
CallingAssembly:  CSRToolWebApp.dll
CallingMethod:    CSRToolWebApp.Common.RestService.Get
SessionId:        
Message:          GET http://localhost/CSRToolService.svc/rest/riskcategoriesbyindex/?indextype=82d3904e-6312-4d1e-8896-07615f6f2696


Info - 2016-12-09 08:34:29
===================================================
CallingAssembly:  CSRToolWebApp.dll
CallingMethod:    CSRToolWebApp.Common.RestService.Get
SessionId:        
Message:          GET http://localhost/CSRToolService.svc/rest/riskcategoriesbyindex/?indextype=452b2276-bb3e-4f16-b281-a32be6d43235


Info - 2016-12-09 08:34:29
===================================================
CallingAssembly:  CSRToolWebApp.dll
CallingMethod:    CSRToolWebApp.Common.RestService.Get
SessionId:        
Message:          GET http://localhost/CSRToolService.svc/rest/riskcategoriesbyindex/?indextype=82303d82-6b4b-4860-9ed9-975e40fa012a


Info - 2016-12-09 08:34:29
===================================================
CallingAssembly:  CSRToolWebApp.dll
CallingMethod:    CSRToolWebApp.Common.RestService.Get
SessionId:        
Message:          GET http://localhost/CSRToolService.svc/rest/riskcategoriesbyindex/?indextype=b185766d-ef3d-4224-bfb2-86d0d5188303


Info - 2016-12-09 08:34:29
===================================================
CallingAssembly:  CSRToolWebApp.dll
CallingMethod:    CSRToolWebApp.Common.RestService.Get
SessionId:        
Message:          GET http://localhost/CSRToolService.svc/rest/riskcategories


Info - 2016-12-09 08:34:31
===================================================
CallingAssembly:  CSRToolWebApp.dll
CallingMethod:    CSRToolWebApp.Common.RestService.Get
SessionId:        
Message:          GET http://localhost/CSRToolService.svc/rest/assessmenttypes


Info - 2016-12-09 08:34:31
===================================================
CallingAssembly:  CSRToolWebApp.dll
CallingMethod:    CSRToolWebApp.Common.RestService.Get
SessionId:        
Message:          GET http://localhost/CSRToolService.svc/rest/questionsbyassessmenttype/?assessmenttype=e3fb40ca-e6ca-4bb6-a102-95cf09e45bc8


Info - 2016-12-09 08:34:31
===================================================
CallingAssembly:  CSRToolWebApp.dll
CallingMethod:    CSRToolWebApp.Common.RestService.Get
SessionId:        
Message:          GET http://localhost/CSRToolService.svc/rest/questions


Info - 2016-12-09 08:34:31
===================================================
CallingAssembly:  CSRToolWebApp.dll
CallingMethod:    CSRToolWebApp.Common.RestService.Get
SessionId:        
Message:          GET http://localhost/CSRToolService.svc/rest/answersbyquestion/?question=d270406c-a07d-43db-8ad7-b51de94efcb7


Info - 2016-12-09 08:34:31
===================================================
CallingAssembly:  CSRToolWebApp.dll
CallingMethod:    CSRToolWebApp.Common.RestService.Get
SessionId:        
Message:          GET http://localhost/CSRToolService.svc/rest/riskcategoriesbyquestion/?question=d270406c-a07d-43db-8ad7-b51de94efcb7


Info - 2016-12-09 08:34:31
===================================================
CallingAssembly:  CSRToolWebApp.dll
CallingMethod:    CSRToolWebApp.Common.RestService.Get
SessionId:        
Message:          GET http://localhost/CSRToolService.svc/rest/answersbyquestion/?question=2857bd0f-8390-482c-abf6-5e216dc321da


Info - 2016-12-09 08:34:31
===================================================
CallingAssembly:  CSRToolWebApp.dll
CallingMethod:    CSRToolWebApp.Common.RestService.Get
SessionId:        
Message:          GET http://localhost/CSRToolService.svc/rest/riskcategoriesbyquestion/?question=2857bd0f-8390-482c-abf6-5e216dc321da


Info - 2016-12-09 08:34:31
===================================================
CallingAssembly:  CSRToolWebApp.dll
CallingMethod:    CSRToolWebApp.Common.RestService.Get
SessionId:        
Message:          GET http://localhost/CSRToolService.svc/rest/answersbyquestion/?question=b24253ad-96e4-4789-bb27-793bb282af4d


Info - 2016-12-09 08:34:31
===================================================
CallingAssembly:  CSRToolWebApp.dll
CallingMethod:    CSRToolWebApp.Common.RestService.Get
SessionId:        
Message:          GET http://localhost/CSRToolService.svc/rest/riskcategoriesbyquestion/?question=b24253ad-96e4-4789-bb27-793bb282af4d


Info - 2016-12-09 08:34:31
===================================================
CallingAssembly:  CSRToolWebApp.dll
CallingMethod:    CSRToolWebApp.Common.RestService.Get
SessionId:        
Message:          GET http://localhost/CSRToolService.svc/rest/answersbyquestion/?question=75dade40-ae4c-4bc2-9205-28c6af74b8dd


Info - 2016-12-09 08:34:31
===================================================
CallingAssembly:  CSRToolWebApp.dll
CallingMethod:    CSRToolWebApp.Common.RestService.Get
SessionId:        
Message:          GET http://localhost/CSRToolService.svc/rest/riskcategoriesbyquestion/?question=75dade40-ae4c-4bc2-9205-28c6af74b8dd


Info - 2016-12-09 08:34:31
===================================================
CallingAssembly:  CSRToolWebApp.dll
CallingMethod:    CSRToolWebApp.Common.RestService.Get
SessionId:        
Message:          GET http://localhost/CSRToolService.svc/rest/answersbyquestion/?question=8938b9bb-4cde-413a-9d4f-6cb60c398cc8


Info - 2016-12-09 08:34:31
===================================================
CallingAssembly:  CSRToolWebApp.dll
CallingMethod:    CSRToolWebApp.Common.RestService.Get
SessionId:        
Message:          GET http://localhost/CSRToolService.svc/rest/riskcategoriesbyquestion/?question=8938b9bb-4cde-413a-9d4f-6cb60c398cc8


Info - 2016-12-09 08:34:31
===================================================
CallingAssembly:  CSRToolWebApp.dll
CallingMethod:    CSRToolWebApp.Common.RestService.Get
SessionId:        
Message:          GET http://localhost/CSRToolService.svc/rest/answersbyquestion/?question=acc89690-f71f-43a1-b6c5-1994a34689e9


Info - 2016-12-09 08:34:31
===================================================
CallingAssembly:  CSRToolWebApp.dll
CallingMethod:    CSRToolWebApp.Common.RestService.Get
SessionId:        
Message:          GET http://localhost/CSRToolService.svc/rest/riskcategoriesbyquestion/?question=acc89690-f71f-43a1-b6c5-1994a34689e9


Info - 2016-12-09 08:34:31
===================================================
CallingAssembly:  CSRToolWebApp.dll
CallingMethod:    CSRToolWebApp.Common.RestService.Get
SessionId:        
Message:          GET http://localhost/CSRToolService.svc/rest/answersbyquestion/?question=3373738b-aca2-4d11-982c-51d87532d4f1


Info - 2016-12-09 08:34:31
===================================================
CallingAssembly:  CSRToolWebApp.dll
CallingMethod:    CSRToolWebApp.Common.RestService.Get
SessionId:        
Message:          GET http://localhost/CSRToolService.svc/rest/riskcategoriesbyquestion/?question=3373738b-aca2-4d11-982c-51d87532d4f1


Info - 2016-12-09 08:34:31
===================================================
CallingAssembly:  CSRToolWebApp.dll
CallingMethod:    CSRToolWebApp.Common.RestService.Get
SessionId:        
Message:          GET http://localhost/CSRToolService.svc/rest/answersbyquestion/?question=c7ad9a6e-58e3-4e60-b9e6-a213b130c60e


Info - 2016-12-09 08:34:31
===================================================
CallingAssembly:  CSRToolWebApp.dll
CallingMethod:    CSRToolWebApp.Common.RestService.Get
SessionId:        
Message:          GET http://localhost/CSRToolService.svc/rest/riskcategoriesbyquestion/?question=c7ad9a6e-58e3-4e60-b9e6-a213b130c60e


Info - 2016-12-09 08:34:36
===================================================
CallingAssembly:  CSRToolWebApp.dll
CallingMethod:    CSRToolWebApp.Common.RestService.Get
SessionId:        
Message:          GET http://localhost/CSRToolService.svc/rest/indexesbycountry/?territory=7c1229a1-a0c0-43de-b124-a2629a13e0fa&version=3dfc829f-5b09-4c8c-b32d-33d059eeb5e6


Info - 2016-12-09 08:34:36
===================================================
CallingAssembly:  CSRToolWebApp.dll
CallingMethod:    CSRToolWebApp.Common.RestService.Get
SessionId:        
Message:          GET http://localhost/CSRToolService.svc/rest/indextypes


Info - 2016-12-09 08:34:36
===================================================
CallingAssembly:  CSRToolWebApp.dll
CallingMethod:    CSRToolWebApp.Common.RestService.Get
SessionId:        
Message:          GET http://localhost/CSRToolService.svc/rest/riskcategoriesbyindex/?indextype=e3cb5b8d-0708-4331-9408-21186cb3edb9


Info - 2016-12-09 08:34:36
===================================================
CallingAssembly:  CSRToolWebApp.dll
CallingMethod:    CSRToolWebApp.Common.RestService.Get
SessionId:        
Message:          GET http://localhost/CSRToolService.svc/rest/riskcategoriesbyindex/?indextype=f734ffd9-2662-4c2d-82ba-55793ec2a6dc


Info - 2016-12-09 08:34:36
===================================================
CallingAssembly:  CSRToolWebApp.dll
CallingMethod:    CSRToolWebApp.Common.RestService.Get
SessionId:        
Message:          GET http://localhost/CSRToolService.svc/rest/riskcategoriesbyindex/?indextype=c12531d0-8a3b-47c8-ad8a-d1fdb12476bb


Info - 2016-12-09 08:34:36
===================================================
CallingAssembly:  CSRToolWebApp.dll
CallingMethod:    CSRToolWebApp.Common.RestService.Get
SessionId:        
Message:          GET http://localhost/CSRToolService.svc/rest/riskcategoriesbyindex/?indextype=675a9f85-d029-4b59-a372-188ffb29be0f


Info - 2016-12-09 08:34:36
===================================================
CallingAssembly:  CSRToolWebApp.dll
CallingMethod:    CSRToolWebApp.Common.RestService.Get
SessionId:        
Message:          GET http://localhost/CSRToolService.svc/rest/riskcategoriesbyindex/?indextype=4ea41714-5c4e-48bd-a40f-bb1407555198


Info - 2016-12-09 08:34:36
===================================================
CallingAssembly:  CSRToolWebApp.dll
CallingMethod:    CSRToolWebApp.Common.RestService.Get
SessionId:        
Message:          GET http://localhost/CSRToolService.svc/rest/riskcategoriesbyindex/?indextype=04fdd836-6ef5-49d7-95a5-847238b0b81b


Info - 2016-12-09 08:34:36
===================================================
CallingAssembly:  CSRToolWebApp.dll
CallingMethod:    CSRToolWebApp.Common.RestService.Get
SessionId:        
Message:          GET http://localhost/CSRToolService.svc/rest/riskcategoriesbyindex/?indextype=6b31eb77-5067-474b-aacb-6cfce369eb65


Info - 2016-12-09 08:34:36
===================================================
CallingAssembly:  CSRToolWebApp.dll
CallingMethod:    CSRToolWebApp.Common.RestService.Get
SessionId:        
Message:          GET http://localhost/CSRToolService.svc/rest/riskcategoriesbyindex/?indextype=5b7b70d1-0ae3-4c07-8fa2-409b1c065ba5


Info - 2016-12-09 08:34:36
===================================================
CallingAssembly:  CSRToolWebApp.dll
CallingMethod:    CSRToolWebApp.Common.RestService.Get
SessionId:        
Message:          GET http://localhost/CSRToolService.svc/rest/riskcategoriesbyindex/?indextype=82d3904e-6312-4d1e-8896-07615f6f2696


Info - 2016-12-09 08:34:36
===================================================
CallingAssembly:  CSRToolWebApp.dll
CallingMethod:    CSRToolWebApp.Common.RestService.Get
SessionId:        
Message:          GET http://localhost/CSRToolService.svc/rest/riskcategoriesbyindex/?indextype=452b2276-bb3e-4f16-b281-a32be6d43235


Info - 2016-12-09 08:34:36
===================================================
CallingAssembly:  CSRToolWebApp.dll
CallingMethod:    CSRToolWebApp.Common.RestService.Get
SessionId:        
Message:          GET http://localhost/CSRToolService.svc/rest/riskcategoriesbyindex/?indextype=82303d82-6b4b-4860-9ed9-975e40fa012a


Info - 2016-12-09 08:34:36
===================================================
CallingAssembly:  CSRToolWebApp.dll
CallingMethod:    CSRToolWebApp.Common.RestService.Get
SessionId:        
Message:          GET http://localhost/CSRToolService.svc/rest/riskcategoriesbyindex/?indextype=b185766d-ef3d-4224-bfb2-86d0d5188303


Info - 2016-12-09 08:34:36
===================================================
CallingAssembly:  CSRToolWebApp.dll
CallingMethod:    CSRToolWebApp.Common.RestService.Get
SessionId:        
Message:          GET http://localhost/CSRToolService.svc/rest/riskcategories


Info - 2016-12-09 08:34:39
===================================================
CallingAssembly:  CSRToolWebApp.dll
CallingMethod:    CSRToolWebApp.Common.RestService.Get
SessionId:        
Message:          GET http://localhost/CSRToolService.svc/rest/indexesbycountry/?territory=7c1229a1-a0c0-43de-b124-a2629a13e0fa&version=3dfc829f-5b09-4c8c-b32d-33d059eeb5e6


Info - 2016-12-09 08:34:39
===================================================
CallingAssembly:  CSRToolWebApp.dll
CallingMethod:    CSRToolWebApp.Common.RestService.Get
SessionId:        
Message:          GET http://localhost/CSRToolService.svc/rest/indextypes


Info - 2016-12-09 08:34:39
===================================================
CallingAssembly:  CSRToolWebApp.dll
CallingMethod:    CSRToolWebApp.Common.RestService.Get
SessionId:        
Message:          GET http://localhost/CSRToolService.svc/rest/riskcategoriesbyindex/?indextype=e3cb5b8d-0708-4331-9408-21186cb3edb9


Info - 2016-12-09 08:34:39
===================================================
CallingAssembly:  CSRToolWebApp.dll
CallingMethod:    CSRToolWebApp.Common.RestService.Get
SessionId:        
Message:          GET http://localhost/CSRToolService.svc/rest/riskcategoriesbyindex/?indextype=f734ffd9-2662-4c2d-82ba-55793ec2a6dc


Info - 2016-12-09 08:34:39
===================================================
CallingAssembly:  CSRToolWebApp.dll
CallingMethod:    CSRToolWebApp.Common.RestService.Get
SessionId:        
Message:          GET http://localhost/CSRToolService.svc/rest/riskcategoriesbyindex/?indextype=c12531d0-8a3b-47c8-ad8a-d1fdb12476bb


Info - 2016-12-09 08:34:39
===================================================
CallingAssembly:  CSRToolWebApp.dll
CallingMethod:    CSRToolWebApp.Common.RestService.Get
SessionId:        
Message:          GET http://localhost/CSRToolService.svc/rest/riskcategoriesbyindex/?indextype=675a9f85-d029-4b59-a372-188ffb29be0f


Info - 2016-12-09 08:34:39
===================================================
CallingAssembly:  CSRToolWebApp.dll
CallingMethod:    CSRToolWebApp.Common.RestService.Get
SessionId:        
Message:          GET http://localhost/CSRToolService.svc/rest/riskcategoriesbyindex/?indextype=4ea41714-5c4e-48bd-a40f-bb1407555198


Info - 2016-12-09 08:34:39
===================================================
CallingAssembly:  CSRToolWebApp.dll
CallingMethod:    CSRToolWebApp.Common.RestService.Get
SessionId:        
Message:          GET http://localhost/CSRToolService.svc/rest/riskcategoriesbyindex/?indextype=04fdd836-6ef5-49d7-95a5-847238b0b81b


Info - 2016-12-09 08:34:39
===================================================
CallingAssembly:  CSRToolWebApp.dll
CallingMethod:    CSRToolWebApp.Common.RestService.Get
SessionId:        
Message:          GET http://localhost/CSRToolService.svc/rest/riskcategoriesbyindex/?indextype=6b31eb77-5067-474b-aacb-6cfce369eb65


Info - 2016-12-09 08:34:39
===================================================
CallingAssembly:  CSRToolWebApp.dll
CallingMethod:    CSRToolWebApp.Common.RestService.Get
SessionId:        
Message:          GET http://localhost/CSRToolService.svc/rest/riskcategoriesbyindex/?indextype=5b7b70d1-0ae3-4c07-8fa2-409b1c065ba5


Info - 2016-12-09 08:34:39
===================================================
CallingAssembly:  CSRToolWebApp.dll
CallingMethod:    CSRToolWebApp.Common.RestService.Get
SessionId:        
Message:          GET http://localhost/CSRToolService.svc/rest/riskcategoriesbyindex/?indextype=82d3904e-6312-4d1e-8896-07615f6f2696


Info - 2016-12-09 08:34:39
===================================================
CallingAssembly:  CSRToolWebApp.dll
CallingMethod:    CSRToolWebApp.Common.RestService.Get
SessionId:        
Message:          GET http://localhost/CSRToolService.svc/rest/riskcategoriesbyindex/?indextype=452b2276-bb3e-4f16-b281-a32be6d43235


Info - 2016-12-09 08:34:39
===================================================
CallingAssembly:  CSRToolWebApp.dll
CallingMethod:    CSRToolWebApp.Common.RestService.Get
SessionId:        
Message:          GET http://localhost/CSRToolService.svc/rest/riskcategoriesbyindex/?indextype=82303d82-6b4b-4860-9ed9-975e40fa012a


Info - 2016-12-09 08:34:39
===================================================
CallingAssembly:  CSRToolWebApp.dll
CallingMethod:    CSRToolWebApp.Common.RestService.Get
SessionId:        
Message:          GET http://localhost/CSRToolService.svc/rest/riskcategoriesbyindex/?indextype=b185766d-ef3d-4224-bfb2-86d0d5188303


Info - 2016-12-09 08:34:39
===================================================
CallingAssembly:  CSRToolWebApp.dll
CallingMethod:    CSRToolWebApp.Common.RestService.Get
SessionId:        
Message:          GET http://localhost/CSRToolService.svc/rest/riskcategories


Info - 2016-12-09 08:34:42
===================================================
CallingAssembly:  CSRToolWebApp.dll
CallingMethod:    CSRToolWebApp.Common.RestService.Get
SessionId:        
Message:          GET http://localhost/CSRToolService.svc/rest/indexesbycountry/?territory=7c1229a1-a0c0-43de-b124-a2629a13e0fa&version=3dfc829f-5b09-4c8c-b32d-33d059eeb5e6


Info - 2016-12-09 08:34:42
===================================================
CallingAssembly:  CSRToolWebApp.dll
CallingMethod:    CSRToolWebApp.Common.RestService.Get
SessionId:        
Message:          GET http://localhost/CSRToolService.svc/rest/indextypes


Info - 2016-12-09 08:34:42
===================================================
CallingAssembly:  CSRToolWebApp.dll
CallingMethod:    CSRToolWebApp.Common.RestService.Get
SessionId:        
Message:          GET http://localhost/CSRToolService.svc/rest/riskcategoriesbyindex/?indextype=e3cb5b8d-0708-4331-9408-21186cb3edb9


Info - 2016-12-09 08:34:42
===================================================
CallingAssembly:  CSRToolWebApp.dll
CallingMethod:    CSRToolWebApp.Common.RestService.Get
SessionId:        
Message:          GET http://localhost/CSRToolService.svc/rest/riskcategoriesbyindex/?indextype=f734ffd9-2662-4c2d-82ba-55793ec2a6dc


Info - 2016-12-09 08:34:42
===================================================
CallingAssembly:  CSRToolWebApp.dll
CallingMethod:    CSRToolWebApp.Common.RestService.Get
SessionId:        
Message:          GET http://localhost/CSRToolService.svc/rest/riskcategoriesbyindex/?indextype=c12531d0-8a3b-47c8-ad8a-d1fdb12476bb


Info - 2016-12-09 08:34:42
===================================================
CallingAssembly:  CSRToolWebApp.dll
CallingMethod:    CSRToolWebApp.Common.RestService.Get
SessionId:        
Message:          GET http://localhost/CSRToolService.svc/rest/riskcategoriesbyindex/?indextype=675a9f85-d029-4b59-a372-188ffb29be0f


Info - 2016-12-09 08:34:42
===================================================
CallingAssembly:  CSRToolWebApp.dll
CallingMethod:    CSRToolWebApp.Common.RestService.Get
SessionId:        
Message:          GET http://localhost/CSRToolService.svc/rest/riskcategoriesbyindex/?indextype=4ea41714-5c4e-48bd-a40f-bb1407555198


Info - 2016-12-09 08:34:42
===================================================
CallingAssembly:  CSRToolWebApp.dll
CallingMethod:    CSRToolWebApp.Common.RestService.Get
SessionId:        
Message:          GET http://localhost/CSRToolService.svc/rest/riskcategoriesbyindex/?indextype=04fdd836-6ef5-49d7-95a5-847238b0b81b


Info - 2016-12-09 08:34:42
===================================================
CallingAssembly:  CSRToolWebApp.dll
CallingMethod:    CSRToolWebApp.Common.RestService.Get
SessionId:        
Message:          GET http://localhost/CSRToolService.svc/rest/riskcategoriesbyindex/?indextype=6b31eb77-5067-474b-aacb-6cfce369eb65


Info - 2016-12-09 08:34:42
===================================================
CallingAssembly:  CSRToolWebApp.dll
CallingMethod:    CSRToolWebApp.Common.RestService.Get
SessionId:        
Message:          GET http://localhost/CSRToolService.svc/rest/riskcategoriesbyindex/?indextype=5b7b70d1-0ae3-4c07-8fa2-409b1c065ba5


Info - 2016-12-09 08:34:42
===================================================
CallingAssembly:  CSRToolWebApp.dll
CallingMethod:    CSRToolWebApp.Common.RestService.Get
SessionId:        
Message:          GET http://localhost/CSRToolService.svc/rest/riskcategoriesbyindex/?indextype=82d3904e-6312-4d1e-8896-07615f6f2696


Info - 2016-12-09 08:34:42
===================================================
CallingAssembly:  CSRToolWebApp.dll
CallingMethod:    CSRToolWebApp.Common.RestService.Get
SessionId:        
Message:          GET http://localhost/CSRToolService.svc/rest/riskcategoriesbyindex/?indextype=452b2276-bb3e-4f16-b281-a32be6d43235


Info - 2016-12-09 08:34:42
===================================================
CallingAssembly:  CSRToolWebApp.dll
CallingMethod:    CSRToolWebApp.Common.RestService.Get
SessionId:        
Message:          GET http://localhost/CSRToolService.svc/rest/riskcategoriesbyindex/?indextype=82303d82-6b4b-4860-9ed9-975e40fa012a


Info - 2016-12-09 08:34:42
===================================================
CallingAssembly:  CSRToolWebApp.dll
CallingMethod:    CSRToolWebApp.Common.RestService.Get
SessionId:        
Message:          GET http://localhost/CSRToolService.svc/rest/riskcategoriesbyindex/?indextype=b185766d-ef3d-4224-bfb2-86d0d5188303


Info - 2016-12-09 08:34:42
===================================================
CallingAssembly:  CSRToolWebApp.dll
CallingMethod:    CSRToolWebApp.Common.RestService.Get
SessionId:        
Message:          GET http://localhost/CSRToolService.svc/rest/riskcategories


Info - 2016-12-09 08:34:47
===================================================
CallingAssembly:  CSRToolWebApp.dll
CallingMethod:    CSRToolWebApp.Common.RestService.Get
SessionId:        
Message:          GET http://localhost/CSRToolService.svc/rest/indexesbycountry/?territory=7c1229a1-a0c0-43de-b124-a2629a13e0fa&version=3dfc829f-5b09-4c8c-b32d-33d059eeb5e6


Info - 2016-12-09 08:34:47
===================================================
CallingAssembly:  CSRToolWebApp.dll
CallingMethod:    CSRToolWebApp.Common.RestService.Get
SessionId:        
Message:          GET http://localhost/CSRToolService.svc/rest/indextypes


Info - 2016-12-09 08:34:47
===================================================
CallingAssembly:  CSRToolWebApp.dll
CallingMethod:    CSRToolWebApp.Common.RestService.Get
SessionId:        
Message:          GET http://localhost/CSRToolService.svc/rest/riskcategoriesbyindex/?indextype=e3cb5b8d-0708-4331-9408-21186cb3edb9


Info - 2016-12-09 08:34:47
===================================================
CallingAssembly:  CSRToolWebApp.dll
CallingMethod:    CSRToolWebApp.Common.RestService.Get
SessionId:        
Message:          GET http://localhost/CSRToolService.svc/rest/riskcategoriesbyindex/?indextype=f734ffd9-2662-4c2d-82ba-55793ec2a6dc


Info - 2016-12-09 08:34:47
===================================================
CallingAssembly:  CSRToolWebApp.dll
CallingMethod:    CSRToolWebApp.Common.RestService.Get
SessionId:        
Message:          GET http://localhost/CSRToolService.svc/rest/riskcategoriesbyindex/?indextype=c12531d0-8a3b-47c8-ad8a-d1fdb12476bb


Info - 2016-12-09 08:34:47
===================================================
CallingAssembly:  CSRToolWebApp.dll
CallingMethod:    CSRToolWebApp.Common.RestService.Get
SessionId:        
Message:          GET http://localhost/CSRToolService.svc/rest/riskcategoriesbyindex/?indextype=675a9f85-d029-4b59-a372-188ffb29be0f


Info - 2016-12-09 08:34:47
===================================================
CallingAssembly:  CSRToolWebApp.dll
CallingMethod:    CSRToolWebApp.Common.RestService.Get
SessionId:        
Message:          GET http://localhost/CSRToolService.svc/rest/riskcategoriesbyindex/?indextype=4ea41714-5c4e-48bd-a40f-bb1407555198


Info - 2016-12-09 08:34:47
===================================================
CallingAssembly:  CSRToolWebApp.dll
CallingMethod:    CSRToolWebApp.Common.RestService.Get
SessionId:        
Message:          GET http://localhost/CSRToolService.svc/rest/riskcategoriesbyindex/?indextype=04fdd836-6ef5-49d7-95a5-847238b0b81b


Info - 2016-12-09 08:34:47
===================================================
CallingAssembly:  CSRToolWebApp.dll
CallingMethod:    CSRToolWebApp.Common.RestService.Get
SessionId:        
Message:          GET http://localhost/CSRToolService.svc/rest/riskcategoriesbyindex/?indextype=6b31eb77-5067-474b-aacb-6cfce369eb65


Info - 2016-12-09 08:34:47
===================================================
CallingAssembly:  CSRToolWebApp.dll
CallingMethod:    CSRToolWebApp.Common.RestService.Get
SessionId:        
Message:          GET http://localhost/CSRToolService.svc/rest/riskcategoriesbyindex/?indextype=5b7b70d1-0ae3-4c07-8fa2-409b1c065ba5


Info - 2016-12-09 08:34:47
===================================================
CallingAssembly:  CSRToolWebApp.dll
CallingMethod:    CSRToolWebApp.Common.RestService.Get
SessionId:        
Message:          GET http://localhost/CSRToolService.svc/rest/riskcategoriesbyindex/?indextype=82d3904e-6312-4d1e-8896-07615f6f2696


Info - 2016-12-09 08:34:47
===================================================
CallingAssembly:  CSRToolWebApp.dll
CallingMethod:    CSRToolWebApp.Common.RestService.Get
SessionId:        
Message:          GET http://localhost/CSRToolService.svc/rest/riskcategoriesbyindex/?indextype=452b2276-bb3e-4f16-b281-a32be6d43235


Info - 2016-12-09 08:34:47
===================================================
CallingAssembly:  CSRToolWebApp.dll
CallingMethod:    CSRToolWebApp.Common.RestService.Get
SessionId:        
Message:          GET http://localhost/CSRToolService.svc/rest/riskcategoriesbyindex/?indextype=82303d82-6b4b-4860-9ed9-975e40fa012a


Info - 2016-12-09 08:34:47
===================================================
CallingAssembly:  CSRToolWebApp.dll
CallingMethod:    CSRToolWebApp.Common.RestService.Get
SessionId:        
Message:          GET http://localhost/CSRToolService.svc/rest/riskcategoriesbyindex/?indextype=b185766d-ef3d-4224-bfb2-86d0d5188303


Info - 2016-12-09 08:34:47
===================================================
CallingAssembly:  CSRToolWebApp.dll
CallingMethod:    CSRToolWebApp.Common.RestService.Get
SessionId:        
Message:          GET http://localhost/CSRToolService.svc/rest/riskcategories


Info - 2016-12-09 08:51:09
===================================================
CallingAssembly:  CSRToolWebApp.dll
CallingMethod:    CSRToolWebApp.Common.RestService.Get
SessionId:        
Message:          GET http://localhost/CSRToolService.svc/rest/indexesbycountry/?territory=7c1229a1-a0c0-43de-b124-a2629a13e0fa&version=3dfc829f-5b09-4c8c-b32d-33d059eeb5e6


Info - 2016-12-09 08:51:09
===================================================
CallingAssembly:  CSRToolWebApp.dll
CallingMethod:    CSRToolWebApp.Common.RestService.Get
SessionId:        
Message:          GET http://localhost/CSRToolService.svc/rest/indextypes


Info - 2016-12-09 08:51:09
===================================================
CallingAssembly:  CSRToolWebApp.dll
CallingMethod:    CSRToolWebApp.Common.RestService.Get
SessionId:        
Message:          GET http://localhost/CSRToolService.svc/rest/riskcategoriesbyindex/?indextype=e3cb5b8d-0708-4331-9408-21186cb3edb9


Info - 2016-12-09 08:51:09
===================================================
CallingAssembly:  CSRToolWebApp.dll
CallingMethod:    CSRToolWebApp.Common.RestService.Get
SessionId:        
Message:          GET http://localhost/CSRToolService.svc/rest/riskcategoriesbyindex/?indextype=f734ffd9-2662-4c2d-82ba-55793ec2a6dc


Info - 2016-12-09 08:51:09
===================================================
CallingAssembly:  CSRToolWebApp.dll
CallingMethod:    CSRToolWebApp.Common.RestService.Get
SessionId:        
Message:          GET http://localhost/CSRToolService.svc/rest/riskcategoriesbyindex/?indextype=c12531d0-8a3b-47c8-ad8a-d1fdb12476bb


Info - 2016-12-09 08:51:09
===================================================
CallingAssembly:  CSRToolWebApp.dll
CallingMethod:    CSRToolWebApp.Common.RestService.Get
SessionId:        
Message:          GET http://localhost/CSRToolService.svc/rest/riskcategoriesbyindex/?indextype=675a9f85-d029-4b59-a372-188ffb29be0f


Info - 2016-12-09 08:51:09
===================================================
CallingAssembly:  CSRToolWebApp.dll
CallingMethod:    CSRToolWebApp.Common.RestService.Get
SessionId:        
Message:          GET http://localhost/CSRToolService.svc/rest/riskcategoriesbyindex/?indextype=4ea41714-5c4e-48bd-a40f-bb1407555198


Info - 2016-12-09 08:51:09
===================================================
CallingAssembly:  CSRToolWebApp.dll
CallingMethod:    CSRToolWebApp.Common.RestService.Get
SessionId:        
Message:          GET http://localhost/CSRToolService.svc/rest/riskcategoriesbyindex/?indextype=04fdd836-6ef5-49d7-95a5-847238b0b81b


Info - 2016-12-09 08:51:09
===================================================
CallingAssembly:  CSRToolWebApp.dll
CallingMethod:    CSRToolWebApp.Common.RestService.Get
SessionId:        
Message:          GET http://localhost/CSRToolService.svc/rest/riskcategoriesbyindex/?indextype=6b31eb77-5067-474b-aacb-6cfce369eb65


Info - 2016-12-09 08:51:09
===================================================
CallingAssembly:  CSRToolWebApp.dll
CallingMethod:    CSRToolWebApp.Common.RestService.Get
SessionId:        
Message:          GET http://localhost/CSRToolService.svc/rest/riskcategoriesbyindex/?indextype=5b7b70d1-0ae3-4c07-8fa2-409b1c065ba5


Info - 2016-12-09 08:51:09
===================================================
CallingAssembly:  CSRToolWebApp.dll
CallingMethod:    CSRToolWebApp.Common.RestService.Get
SessionId:        
Message:          GET http://localhost/CSRToolService.svc/rest/riskcategoriesbyindex/?indextype=82d3904e-6312-4d1e-8896-07615f6f2696


Info - 2016-12-09 08:51:09
===================================================
CallingAssembly:  CSRToolWebApp.dll
CallingMethod:    CSRToolWebApp.Common.RestService.Get
SessionId:        
Message:          GET http://localhost/CSRToolService.svc/rest/riskcategoriesbyindex/?indextype=452b2276-bb3e-4f16-b281-a32be6d43235


Info - 2016-12-09 08:51:09
===================================================
CallingAssembly:  CSRToolWebApp.dll
CallingMethod:    CSRToolWebApp.Common.RestService.Get
SessionId:        
Message:          GET http://localhost/CSRToolService.svc/rest/riskcategoriesbyindex/?indextype=82303d82-6b4b-4860-9ed9-975e40fa012a


Info - 2016-12-09 08:51:09
===================================================
CallingAssembly:  CSRToolWebApp.dll
CallingMethod:    CSRToolWebApp.Common.RestService.Get
SessionId:        
Message:          GET http://localhost/CSRToolService.svc/rest/riskcategoriesbyindex/?indextype=b185766d-ef3d-4224-bfb2-86d0d5188303


Info - 2016-12-09 08:51:09
===================================================
CallingAssembly:  CSRToolWebApp.dll
CallingMethod:    CSRToolWebApp.Common.RestService.Get
SessionId:        
Message:          GET http://localhost/CSRToolService.svc/rest/riskcategories


Info - 2016-12-09 08:51:12
===================================================
CallingAssembly:  CSRToolWebApp.dll
CallingMethod:    CSRToolWebApp.Common.RestService.Get
SessionId:        
Message:          GET http://localhost/CSRToolService.svc/rest/indexesbycountry/?territory=7c1229a1-a0c0-43de-b124-a2629a13e0fa&version=3dfc829f-5b09-4c8c-b32d-33d059eeb5e6


Info - 2016-12-09 08:51:12
===================================================
CallingAssembly:  CSRToolWebApp.dll
CallingMethod:    CSRToolWebApp.Common.RestService.Get
SessionId:        
Message:          GET http://localhost/CSRToolService.svc/rest/indextypes


Info - 2016-12-09 08:51:12
===================================================
CallingAssembly:  CSRToolWebApp.dll
CallingMethod:    CSRToolWebApp.Common.RestService.Get
SessionId:        
Message:          GET http://localhost/CSRToolService.svc/rest/riskcategoriesbyindex/?indextype=e3cb5b8d-0708-4331-9408-21186cb3edb9


Info - 2016-12-09 08:51:12
===================================================
CallingAssembly:  CSRToolWebApp.dll
CallingMethod:    CSRToolWebApp.Common.RestService.Get
SessionId:        
Message:          GET http://localhost/CSRToolService.svc/rest/riskcategoriesbyindex/?indextype=f734ffd9-2662-4c2d-82ba-55793ec2a6dc


Info - 2016-12-09 08:51:12
===================================================
CallingAssembly:  CSRToolWebApp.dll
CallingMethod:    CSRToolWebApp.Common.RestService.Get
SessionId:        
Message:          GET http://localhost/CSRToolService.svc/rest/riskcategoriesbyindex/?indextype=c12531d0-8a3b-47c8-ad8a-d1fdb12476bb


Info - 2016-12-09 08:51:12
===================================================
CallingAssembly:  CSRToolWebApp.dll
CallingMethod:    CSRToolWebApp.Common.RestService.Get
SessionId:        
Message:          GET http://localhost/CSRToolService.svc/rest/riskcategoriesbyindex/?indextype=675a9f85-d029-4b59-a372-188ffb29be0f


Info - 2016-12-09 08:51:12
===================================================
CallingAssembly:  CSRToolWebApp.dll
CallingMethod:    CSRToolWebApp.Common.RestService.Get
SessionId:        
Message:          GET http://localhost/CSRToolService.svc/rest/riskcategoriesbyindex/?indextype=4ea41714-5c4e-48bd-a40f-bb1407555198


Info - 2016-12-09 08:51:12
===================================================
CallingAssembly:  CSRToolWebApp.dll
CallingMethod:    CSRToolWebApp.Common.RestService.Get
SessionId:        
Message:          GET http://localhost/CSRToolService.svc/rest/riskcategoriesbyindex/?indextype=04fdd836-6ef5-49d7-95a5-847238b0b81b


Info - 2016-12-09 08:51:12
===================================================
CallingAssembly:  CSRToolWebApp.dll
CallingMethod:    CSRToolWebApp.Common.RestService.Get
SessionId:        
Message:          GET http://localhost/CSRToolService.svc/rest/riskcategoriesbyindex/?indextype=6b31eb77-5067-474b-aacb-6cfce369eb65


Info - 2016-12-09 08:51:12
===================================================
CallingAssembly:  CSRToolWebApp.dll
CallingMethod:    CSRToolWebApp.Common.RestService.Get
SessionId:        
Message:          GET http://localhost/CSRToolService.svc/rest/riskcategoriesbyindex/?indextype=5b7b70d1-0ae3-4c07-8fa2-409b1c065ba5


Info - 2016-12-09 08:51:12
===================================================
CallingAssembly:  CSRToolWebApp.dll
CallingMethod:    CSRToolWebApp.Common.RestService.Get
SessionId:        
Message:          GET http://localhost/CSRToolService.svc/rest/riskcategoriesbyindex/?indextype=82d3904e-6312-4d1e-8896-07615f6f2696


Info - 2016-12-09 08:51:12
===================================================
CallingAssembly:  CSRToolWebApp.dll
CallingMethod:    CSRToolWebApp.Common.RestService.Get
SessionId:        
Message:          GET http://localhost/CSRToolService.svc/rest/riskcategoriesbyindex/?indextype=452b2276-bb3e-4f16-b281-a32be6d43235


Info - 2016-12-09 08:51:12
===================================================
CallingAssembly:  CSRToolWebApp.dll
CallingMethod:    CSRToolWebApp.Common.RestService.Get
SessionId:        
Message:          GET http://localhost/CSRToolService.svc/rest/riskcategoriesbyindex/?indextype=82303d82-6b4b-4860-9ed9-975e40fa012a


Info - 2016-12-09 08:51:12
===================================================
CallingAssembly:  CSRToolWebApp.dll
CallingMethod:    CSRToolWebApp.Common.RestService.Get
SessionId:        
Message:          GET http://localhost/CSRToolService.svc/rest/riskcategoriesbyindex/?indextype=b185766d-ef3d-4224-bfb2-86d0d5188303


Info - 2016-12-09 08:51:12
===================================================
CallingAssembly:  CSRToolWebApp.dll
CallingMethod:    CSRToolWebApp.Common.RestService.Get
SessionId:        
Message:          GET http://localhost/CSRToolService.svc/rest/riskcategories


Info - 2016-12-09 08:51:13
===================================================
CallingAssembly:  CSRToolWebApp.dll
CallingMethod:    CSRToolWebApp.Common.RestService.Get
SessionId:        
Message:          GET http://localhost/CSRToolService.svc/rest/indexesbycountry/?territory=7c1229a1-a0c0-43de-b124-a2629a13e0fa&version=3dfc829f-5b09-4c8c-b32d-33d059eeb5e6


Info - 2016-12-09 08:51:13
===================================================
CallingAssembly:  CSRToolWebApp.dll
CallingMethod:    CSRToolWebApp.Common.RestService.Get
SessionId:        
Message:          GET http://localhost/CSRToolService.svc/rest/indextypes


Info - 2016-12-09 08:51:13
===================================================
CallingAssembly:  CSRToolWebApp.dll
CallingMethod:    CSRToolWebApp.Common.RestService.Get
SessionId:        
Message:          GET http://localhost/CSRToolService.svc/rest/riskcategoriesbyindex/?indextype=e3cb5b8d-0708-4331-9408-21186cb3edb9


Info - 2016-12-09 08:51:13
===================================================
CallingAssembly:  CSRToolWebApp.dll
CallingMethod:    CSRToolWebApp.Common.RestService.Get
SessionId:        
Message:          GET http://localhost/CSRToolService.svc/rest/riskcategoriesbyindex/?indextype=f734ffd9-2662-4c2d-82ba-55793ec2a6dc


Info - 2016-12-09 08:51:13
===================================================
CallingAssembly:  CSRToolWebApp.dll
CallingMethod:    CSRToolWebApp.Common.RestService.Get
SessionId:        
Message:          GET http://localhost/CSRToolService.svc/rest/riskcategoriesbyindex/?indextype=c12531d0-8a3b-47c8-ad8a-d1fdb12476bb


Info - 2016-12-09 08:51:13
===================================================
CallingAssembly:  CSRToolWebApp.dll
CallingMethod:    CSRToolWebApp.Common.RestService.Get
SessionId:        
Message:          GET http://localhost/CSRToolService.svc/rest/riskcategoriesbyindex/?indextype=675a9f85-d029-4b59-a372-188ffb29be0f


Info - 2016-12-09 08:51:13
===================================================
CallingAssembly:  CSRToolWebApp.dll
CallingMethod:    CSRToolWebApp.Common.RestService.Get
SessionId:        
Message:          GET http://localhost/CSRToolService.svc/rest/riskcategoriesbyindex/?indextype=4ea41714-5c4e-48bd-a40f-bb1407555198


Info - 2016-12-09 08:51:13
===================================================
CallingAssembly:  CSRToolWebApp.dll
CallingMethod:    CSRToolWebApp.Common.RestService.Get
SessionId:        
Message:          GET http://localhost/CSRToolService.svc/rest/riskcategoriesbyindex/?indextype=04fdd836-6ef5-49d7-95a5-847238b0b81b


Info - 2016-12-09 08:51:13
===================================================
CallingAssembly:  CSRToolWebApp.dll
CallingMethod:    CSRToolWebApp.Common.RestService.Get
SessionId:        
Message:          GET http://localhost/CSRToolService.svc/rest/riskcategoriesbyindex/?indextype=6b31eb77-5067-474b-aacb-6cfce369eb65


Info - 2016-12-09 08:51:13
===================================================
CallingAssembly:  CSRToolWebApp.dll
CallingMethod:    CSRToolWebApp.Common.RestService.Get
SessionId:        
Message:          GET http://localhost/CSRToolService.svc/rest/riskcategoriesbyindex/?indextype=5b7b70d1-0ae3-4c07-8fa2-409b1c065ba5


Info - 2016-12-09 08:51:13
===================================================
CallingAssembly:  CSRToolWebApp.dll
CallingMethod:    CSRToolWebApp.Common.RestService.Get
SessionId:        
Message:          GET http://localhost/CSRToolService.svc/rest/riskcategoriesbyindex/?indextype=82d3904e-6312-4d1e-8896-07615f6f2696


Info - 2016-12-09 08:51:13
===================================================
CallingAssembly:  CSRToolWebApp.dll
CallingMethod:    CSRToolWebApp.Common.RestService.Get
SessionId:        
Message:          GET http://localhost/CSRToolService.svc/rest/riskcategoriesbyindex/?indextype=452b2276-bb3e-4f16-b281-a32be6d43235


Info - 2016-12-09 08:51:13
===================================================
CallingAssembly:  CSRToolWebApp.dll
CallingMethod:    CSRToolWebApp.Common.RestService.Get
SessionId:        
Message:          GET http://localhost/CSRToolService.svc/rest/riskcategoriesbyindex/?indextype=82303d82-6b4b-4860-9ed9-975e40fa012a


Info - 2016-12-09 08:51:14
===================================================
CallingAssembly:  CSRToolWebApp.dll
CallingMethod:    CSRToolWebApp.Common.RestService.Get
SessionId:        
Message:          GET http://localhost/CSRToolService.svc/rest/riskcategoriesbyindex/?indextype=b185766d-ef3d-4224-bfb2-86d0d5188303


Info - 2016-12-09 08:51:14
===================================================
CallingAssembly:  CSRToolWebApp.dll
CallingMethod:    CSRToolWebApp.Common.RestService.Get
SessionId:        
Message:          GET http://localhost/CSRToolService.svc/rest/riskcategories


